<?xml version="1.0" encoding="UTF-8"?>
<!-- Generated by org.testng.reporters.JUnitReportReporter -->
<testsuite skipped="1" hostname="DESKTOP-7ELKK84" name="FirefoxStandAloneTest" tests="1" failures="0" timestamp="2020-06-11T22:17:47 EEST" time="0.000" errors="0">
  <testcase name="test" time="0.000" classname="FirefoxStandAloneTest">
    <skipped/>
  </testcase> <!-- test -->
  <system-out/>
</testsuite> <!-- FirefoxStandAloneTest -->
